Arguments: 
  C:\Program Files\nodejs\node.exe C:\Users\evan\AppData\Roaming\npm\node_modules\yarn\bin\yarn.js add lodash.clonedeep

PATH: 
  C:\Program Files (x86)\Intel\iCLS Client\;C:\Program Files\Intel\iCLS Client\;C:\WINDOWS\system32;C:\WINDOWS;C:\WINDOWS\System32\Wbem;C:\WINDOWS\System32\WindowsPowerShell\v1.0\;C:\Program Files (x86)\Intel\Intel(R) Management Engine Components\DAL;C:\Program Files\Intel\Intel(R) Management Engine Components\DAL;C:\Program Files (x86)\Intel\Intel(R) Management Engine Components\IPT;C:\Program Files\Intel\Intel(R) Management Engine Components\IPT;C:\Program Files\nodejs\;C:\Program Files\Git\cmd;C:\Program Files (x86)\MySQL\MySQL Utilities 1.6\;C:\Users\evan\AppData\Local\Microsoft\WindowsApps;C:\Users\evan\AppData\Roaming\npm;C:\Program Files\Microsoft VS Code\bin;

Yarn version: 
  1.5.1

Node version: 
  9.3.0

Platform: 
  win32 x64

npm manifest: 
  {
      "name": "webpack-app",
      "version": "1.0.0",
      "description": "webpack app description",
      "main": "index.js",
      "scripts": {
          "test": "echo \"Error: no test specified\" && exit 1",
          "dev": "webpack-dev-server --devtool --progress",
          "build": "webpack -p"
      },
      "repository": {
          "type": "git",
          "url": ".."
      },
      "author": "luckykun",
      "license": "MIT",
      "devDependencies": {
          "autoprefixer": "^6.4.0",
          "babel-core": "^5.5.8",
          "babel-loader": "^5.1.4",
          "css-loader": "^0.14.5",
          "extract-text-webpack-plugin": "~1.0.1",
          "jsx-loader": "^0.13.2",
          "node-libs-browser": "^0.5.2",
          "node-sass": "^4.9.0",
          "postcss-loader": "^0.11.0",
          "react-router": "^2.7.0",
          "sass-loader": "^1.0.2",
          "style-loader": "^0.12.3",
          "url-loader": "^0.5.6",
          "webpack": "^1.9.11",
          "webpack-dev-server": "^1.15.0"
      },
      "dependencies": {
          "react": "^15.3.1",
          "react-dom": "^15.3.1"
      }
  }

yarn manifest: 
  No manifest

Lockfile: 
  No lockfile

Trace: 
  Error: D:\workspace\SN-Animation\node_modules\node-sass: Command failed.
  Exit code: 1
  Command: C:\WINDOWS\system32\cmd.exe
  Arguments: /d /s /c node scripts/build.js
  Directory: D:\workspace\SN-Animation\node_modules\node-sass
  Output:
  Building: C:\Program Files\nodejs\node.exe D:\workspace\SN-Animation\node_modules\node-gyp\bin\node-gyp.js rebuild --verbose --libsass_ext= --libsass_cflags= --libsass_ldflags= --libsass_library=
  gyp info it worked if it ends with ok
  gyp verb cli [ 'C:\\Program Files\\nodejs\\node.exe',
  gyp verb cli   'D:\\workspace\\SN-Animation\\node_modules\\node-gyp\\bin\\node-gyp.js',
  gyp verb cli   'rebuild',
  gyp verb cli   '--verbose',
  gyp verb cli   '--libsass_ext=',
  gyp verb cli   '--libsass_cflags=',
  gyp verb cli   '--libsass_ldflags=',
  gyp verb cli   '--libsass_library=' ]
  gyp info using node-gyp@3.6.2
  gyp info using node@9.3.0 | win32 | x64
  gyp verb command rebuild []
  gyp verb command clean []
  gyp verb clean removing "build" directory
  gyp verb command configure []
  gyp verb check python checking for Python executable "python2" in the PATH
  gyp verb `which` failed Error: not found: python2
  gyp verb `which` failed     at getNotFoundError (D:\workspace\SN-Animation\node_modules\which\which.js:13:12)
  gyp verb `which` failed     at F (D:\workspace\SN-Animation\node_modules\which\which.js:68:19)
  gyp verb `which` failed     at E (D:\workspace\SN-Animation\node_modules\which\which.js:80:29)
  gyp verb `which` failed     at D:\workspace\SN-Animation\node_modules\which\which.js:89:16
  gyp verb `which` failed     at D:\workspace\SN-Animation\node_modules\isexe\index.js:42:5
  gyp verb `which` failed     at D:\workspace\SN-Animation\node_modules\isexe\windows.js:36:5
  gyp verb `which` failed     at FSReqWrap.oncomplete (fs.js:166:21)
  gyp verb `which` failed  python2 { Error: not found: python2
  gyp verb `which` failed     at getNotFoundError (D:\workspace\SN-Animation\node_modules\which\which.js:13:12)
  gyp verb `which` failed     at F (D:\workspace\SN-Animation\node_modules\which\which.js:68:19)
  gyp verb `which` failed     at E (D:\workspace\SN-Animation\node_modules\which\which.js:80:29)
  gyp verb `which` failed     at D:\workspace\SN-Animation\node_modules\which\which.js:89:16
  gyp verb `which` failed     at D:\workspace\SN-Animation\node_modules\isexe\index.js:42:5
  gyp verb `which` failed     at D:\workspace\SN-Animation\node_modules\isexe\windows.js:36:5
  gyp verb `which` failed     at FSReqWrap.oncomplete (fs.js:166:21)
  gyp verb `which` failed   stack: 'Error: not found: python2\n    at getNotFoundError (D:\\workspace\\SN-Animation\\node_modules\\which\\which.js:13:12)\n    at F (D:\\workspace\\SN-Animation\\node_modules\\which\\which.js:68:19)\n    at E (D:\\workspace\\SN-Animation\\node_modules\\which\\which.js:80:29)\n    at D:\\workspace\\SN-Animation\\node_modules\\which\\which.js:89:16\n    at D:\\workspace\\SN-Animation\\node_modules\\isexe\\index.js:42:5\n    at D:\\workspace\\SN-Animation\\node_modules\\isexe\\windows.js:36:5\n    at FSReqWrap.oncomplete (fs.js:166:21)',
  gyp verb `which` failed   code: 'ENOENT' }
  gyp verb check python checking for Python executable "python" in the PATH
  gyp verb `which` failed Error: not found: python
  gyp verb `which` failed     at getNotFoundError (D:\workspace\SN-Animation\node_modules\which\which.js:13:12)
  gyp verb `which` failed     at F (D:\workspace\SN-Animation\node_modules\which\which.js:68:19)
  gyp verb `which` failed     at E (D:\workspace\SN-Animation\node_modules\which\which.js:80:29)
  gyp verb `which` failed     at D:\workspace\SN-Animation\node_modules\which\which.js:89:16
  gyp verb `which` failed     at D:\workspace\SN-Animation\node_modules\isexe\index.js:42:5
  gyp verb `which` failed     at D:\workspace\SN-Animation\node_modules\isexe\windows.js:36:5
  gyp verb `which` failed     at FSReqWrap.oncomplete (fs.js:166:21)
  gyp verb `which` failed  python { Error: not found: python
  gyp verb `which` failed     at getNotFoundError (D:\workspace\SN-Animation\node_modules\which\which.js:13:12)
  gyp verb `which` failed     at F (D:\workspace\SN-Animation\node_modules\which\which.js:68:19)
  gyp verb `which` failed     at E (D:\workspace\SN-Animation\node_modules\which\which.js:80:29)
  gyp verb `which` failed     at D:\workspace\SN-Animation\node_modules\which\which.js:89:16
  gyp verb `which` failed     at D:\workspace\SN-Animation\node_modules\isexe\index.js:42:5
  gyp verb `which` failed     at D:\workspace\SN-Animation\node_modules\isexe\windows.js:36:5
  gyp verb `which` failed     at FSReqWrap.oncomplete (fs.js:166:21)
  gyp verb `which` failed   stack: 'Error: not found: python\n    at getNotFoundError (D:\\workspace\\SN-Animation\\node_modules\\which\\which.js:13:12)\n    at F (D:\\workspace\\SN-Animation\\node_modules\\which\\which.js:68:19)\n    at E (D:\\workspace\\SN-Animation\\node_modules\\which\\which.js:80:29)\n    at D:\\workspace\\SN-Animation\\node_modules\\which\\which.js:89:16\n    at D:\\workspace\\SN-Animation\\node_modules\\isexe\\index.js:42:5\n    at D:\\workspace\\SN-Animation\\node_modules\\isexe\\windows.js:36:5\n    at FSReqWrap.oncomplete (fs.js:166:21)',
  gyp verb `which` failed   code: 'ENOENT' }
  gyp verb could not find "python". checking python launcher 
  gyp verb could not find "python". guessing location 
  gyp verb ensuring that file exists: C:\Python27\python.exe
  gyp ERR! configure error 
  gyp ERR! stack Error: Can't find Python executable "python", you can set the PYTHON env variable.
  gyp ERR! stack     at PythonFinder.failNoPython (D:\workspace\SN-Animation\node_modules\node-gyp\lib\configure.js:483:19)
  gyp ERR! stack     at PythonFinder.<anonymous> (D:\workspace\SN-Animation\node_modules\node-gyp\lib\configure.js:508:16)
  gyp ERR! stack     at D:\workspace\SN-Animation\node_modules\graceful-fs\polyfills.js:284:29
  gyp ERR! stack     at FSReqWrap.oncomplete (fs.js:166:21)
  gyp ERR! System Windows_NT 10.0.16299
  gyp ERR! command "C:\\Program Files\\nodejs\\node.exe" "D:\\workspace\\SN-Animation\\node_modules\\node-gyp\\bin\\node-gyp.js" "rebuild" "--verbose" "--libsass_ext=" "--libsass_cflags=" "--libsass_ldflags=" "--libsass_library="
  gyp ERR! cwd D:\workspace\SN-Animation\node_modules\node-sass
  gyp ERR! node -v v9.3.0
  gyp ERR! node-gyp -v v3.6.2
  gyp ERR! not ok 
  Build failed with error code: 1
      at ProcessTermError.MessageError (C:\Users\evan\AppData\Roaming\npm\node_modules\yarn\lib\cli.js:186:110)
      at new ProcessTermError (C:\Users\evan\AppData\Roaming\npm\node_modules\yarn\lib\cli.js:226:113)
      at ChildProcess.<anonymous> (C:\Users\evan\AppData\Roaming\npm\node_modules\yarn\lib\cli.js:30281:17)
      at ChildProcess.emit (events.js:159:13)
      at maybeClose (internal/child_process.js:943:16)
      at Process.ChildProcess._handle.onexit (internal/child_process.js:220:5)
